[DEBUG][test][2019-08-12 06:50:50,039]hello this is debug
[ERROR][test][2019-08-12 06:50:50,039]this is error
[INFO][test][2019-08-12 06:50:50,039]this is info
[DEBUG][test][2019-08-12 06:50:50,044]PYTHONIOENCODING=UTF-8
LC_TIME=en_US.UTF-8
LANGUAGE=zh_CN:en_US:en
USER=zhuzi166
TEXTDOMAIN=gdm
XDG_SEAT=seat0
SSH_AGENT_PID=2741
XDG_SESSION_TYPE=x11
SHLVL=2
QT4_IM_MODULE=fcitx
OLDPWD=/opt/pycharm-community-2019.1.3/bin
HOME=/home/zhuzi166
DESKTOP_SESSION=ubuntu
PYTHONUNBUFFERED=1
GTK_MODULES=gail:atk-bridge
GNOME_SHELL_SESSION_MODE=ubuntu
LC_MONETARY=en_US.UTF-8
DBUS_SESSION_BUS_ADDRESS=unix:path=/run/user/1000/bus
COLORTERM=truecolor
MANDATORY_PATH=/usr/share/gconf/ubuntu.mandatory.path
IM_CONFIG_PHASE=2
GTK_IM_MODULE=fcitx
LOGNAME=zhuzi166
_=/opt/pycharm-community-2019.1.3/bin/pycharm.sh
PKG_CONFIG_PATH=/usr/local/protobuf/lib/pkgconfig/
DEFAULTS_PATH=/usr/share/gconf/ubuntu.default.path
USERNAME=zhuzi166
TERM=xterm-256color
XDG_SESSION_ID=6
GNOME_DESKTOP_SESSION_ID=this-is-deprecated
WINDOWPATH=2
PATH=/usr/local/sbin:/usr/local/bin:/usr/sbin:/usr/bin:/sbin:/bin:/usr/games:/usr/local/games:/snap/bin:/usr/local/protobuf/bin/
SESSION_MANAGER=local/ubuntu:@/tmp/.ICE-unix/2576,unix/ubuntu:/tmp/.ICE-unix/2576
PYCHARM_HOSTED=1
LC_ADDRESS=en_US.UTF-8
GNOME_TERMINAL_SCREEN=/org/gnome/Terminal/screen/d68249ce_56a2_4f80_bfd3_f4c5fb3f5c46
XDG_MENU_PREFIX=gnome-
XDG_RUNTIME_DIR=/run/user/1000
DISPLAY=:0
LC_TELEPHONE=en_US.UTF-8
XDG_CURRENT_DESKTOP=ubuntu:GNOME
LANG=zh_CN.UTF-8
XAUTHORITY=/run/user/1000/gdm/Xauthority
XMODIFIERS=@im=fcitx
XDG_SESSION_DESKTOP=ubuntu
GNOME_TERMINAL_SERVICE=:1.77
SSH_AUTH_SOCK=/run/user/1000/keyring/ssh
SHELL=/bin/bash
LC_NAME=en_US.UTF-8
GDMSESSION=ubuntu
QT_ACCESSIBILITY=1
LC_MEASUREMENT=en_US.UTF-8
LC_IDENTIFICATION=en_US.UTF-8
GPG_AGENT_INFO=/run/user/1000/gnupg/S.gpg-agent:0:1
QT_IM_MODULE=fcitx
XDG_VTNR=2
PWD=/home/zhuzi166/workspace/project/DebugLearn
XDG_DATA_DIRS=/usr/share/ubuntu:/usr/local/share:/usr/share:/var/lib/snapd/desktop
CLUTTER_IM_MODULE=xim
XDG_CONFIG_DIRS=/etc/xdg/xdg-ubuntu:/etc/xdg
PYTHONPATH=/home/zhuzi166/workspace
LC_NUMERIC=en_US.UTF-8
LC_PAPER=en_US.UTF-8
VTE_VERSION=5401

